# JRE version: OpenJDK Runtime Environment (8.0_242-b01) (build 1.8.0_242-release-1644-b01)
# Java VM: OpenJDK 64-Bit Server VM (25.242-b01 mixed mode windows-amd64 compressed oops)
Heap:
 PSYoungGen      total 240128K, used 18591K [0x00000000d5580000, 0x00000000e5e80000, 0x0000000100000000)
  eden space 224256K, 8% used [0x00000000d5580000,0x00000000d67a7cd0,0x00000000e3080000)
  from space 15872K, 0% used [0x00000000e4580000,0x00000000e4580000,0x00000000e5500000)
  to   space 21504K, 0% used [0x00000000e3080000,0x00000000e3080000,0x00000000e4580000)
 ParOldGen       total 140800K, used 37531K [0x0000000080000000, 0x0000000088980000, 0x00000000d5580000)
  object space 140800K, 26% used [0x0000000080000000,0x00000000824a6c38,0x0000000088980000)
 Metaspace       used 56286K, capacity 58582K, committed 59096K, reserved 1099776K
  class space    used 7332K, capacity 7821K, committed 7936K, reserved 1048576K
GC Heap History (10 events):
Event: 5.876 GC heap before
{Heap before GC invocations=9 (full 1):
 PSYoungGen      total 134144K, used 43168K [0x00000000d5580000, 0x00000000e1f00000, 0x0000000100000000)
  eden space 122880K, 25% used [0x00000000d5580000,0x00000000d74acba8,0x00000000dcd80000)
  from space 11264K, 99% used [0x00000000dcd80000,0x00000000dd87b810,0x00000000dd880000)
  to   space 13824K, 0% used [0x00000000e1180000,0x00000000e1180000,0x00000000e1f00000)
 ParOldGen       total 60416K, used 9401K [0x0000000080000000, 0x0000000083b00000, 0x00000000d5580000)
  object space 60416K, 15% used [0x0000000080000000,0x000000008092e730,0x0000000083b00000)
 Metaspace       used 34119K, capacity 35250K, committed 35416K, reserved 1079296K
  class space    used 4593K, capacity 4886K, committed 4992K, reserved 1048576K
Event: 5.882 GC heap after
Heap after GC invocations=9 (full 1):
 PSYoungGen      total 193024K, used 8011K [0x00000000d5580000, 0x00000000e2480000, 0x0000000100000000)
  eden space 179200K, 0% used [0x00000000d5580000,0x00000000d5580000,0x00000000e0480000)
  from space 13824K, 57% used [0x00000000e1180000,0x00000000e1952f00,0x00000000e1f00000)
  to   space 13312K, 0% used [0x00000000e0480000,0x00000000e0480000,0x00000000e1180000)
 ParOldGen       total 60416K, used 9409K [0x0000000080000000, 0x0000000083b00000, 0x00000000d5580000)
  object space 60416K, 15% used [0x0000000080000000,0x0000000080930730,0x0000000083b00000)
 Metaspace       used 34119K, capacity 35250K, committed 35416K, reserved 1079296K
  class space    used 4593K, capacity 4886K, committed 4992K, reserved 1048576K
}
Event: 5.882 GC heap before
{Heap before GC invocations=10 (full 2):
 PSYoungGen      total 193024K, used 8011K [0x00000000d5580000, 0x00000000e2480000, 0x0000000100000000)
  eden space 179200K, 0% used [0x00000000d5580000,0x00000000d5580000,0x00000000e0480000)
  from space 13824K, 57% used [0x00000000e1180000,0x00000000e1952f00,0x00000000e1f00000)
  to   space 13312K, 0% used [0x00000000e0480000,0x00000000e0480000,0x00000000e1180000)
 ParOldGen       total 60416K, used 9409K [0x0000000080000000, 0x0000000083b00000, 0x00000000d5580000)
  object space 60416K, 15% used [0x0000000080000000,0x0000000080930730,0x0000000083b00000)
 Metaspace       used 34119K, capacity 35250K, committed 35416K, reserved 1079296K
  class space    used 4593K, capacity 4886K, committed 4992K, reserved 1048576K
Event: 5.914 GC heap after
Heap after GC invocations=10 (full 2):
 PSYoungGen      total 193024K, used 0K [0x00000000d5580000, 0x00000000e2480000, 0x0000000100000000)
  eden space 179200K, 0% used [0x00000000d5580000,0x00000000d5580000,0x00000000e0480000)
  from space 13824K, 0% used [0x00000000e1180000,0x00000000e1180000,0x00000000e1f00000)
  to   space 13312K, 0% used [0x00000000e0480000,0x00000000e0480000,0x00000000e1180000)
 ParOldGen       total 89088K, used 14306K [0x0000000080000000, 0x0000000085700000, 0x00000000d5580000)
  object space 89088K, 16% used [0x0000000080000000,0x0000000080df8bf0,0x0000000085700000)
 Metaspace       used 34119K, capacity 35250K, committed 35416K, reserved 1079296K
  class space    used 4593K, capacity 4886K, committed 4992K, reserved 1048576K
}
Event: 9.998 GC heap before
{Heap before GC invocations=11 (full 2):
 PSYoungGen      total 193024K, used 179200K [0x00000000d5580000, 0x00000000e2480000, 0x0000000100000000)
  eden space 179200K, 100% used [0x00000000d5580000,0x00000000e0480000,0x00000000e0480000)
  from space 13824K, 0% used [0x00000000e1180000,0x00000000e1180000,0x00000000e1f00000)
  to   space 13312K, 0% used [0x00000000e0480000,0x00000000e0480000,0x00000000e1180000)
 ParOldGen       total 89088K, used 14306K [0x0000000080000000, 0x0000000085700000, 0x00000000d5580000)
  object space 89088K, 16% used [0x0000000080000000,0x0000000080df8bf0,0x0000000085700000)
 Metaspace       used 42508K, capacity 44722K, committed 45016K, reserved 1087488K
  class space    used 5687K, capacity 6096K, committed 6144K, reserved 1048576K
Event: 10.010 GC heap after
Heap after GC invocations=11 (full 2):
 PSYoungGen      total 192512K, used 13291K [0x00000000d5580000, 0x00000000e5500000, 0x0000000100000000)
  eden space 179200K, 0% used [0x00000000d5580000,0x00000000d5580000,0x00000000e0480000)
  from space 13312K, 99% used [0x00000000e0480000,0x00000000e117af68,0x00000000e1180000)
  to   space 15872K, 0% used [0x00000000e4580000,0x00000000e4580000,0x00000000e5500000)
 ParOldGen       total 89088K, used 15411K [0x0000000080000000, 0x0000000085700000, 0x00000000d5580000)
  object space 89088K, 17% used [0x0000000080000000,0x0000000080f0cf60,0x0000000085700000)
 Metaspace       used 42508K, capacity 44722K, committed 45016K, reserved 1087488K
  class space    used 5687K, capacity 6096K, committed 6144K, reserved 1048576K
}
Event: 11.926 GC heap before
{Heap before GC invocations=12 (full 2):
 PSYoungGen      total 192512K, used 162982K [0x00000000d5580000, 0x00000000e5500000, 0x0000000100000000)
  eden space 179200K, 83% used [0x00000000d5580000,0x00000000de7aec80,0x00000000e0480000)
  from space 13312K, 99% used [0x00000000e0480000,0x00000000e117af68,0x00000000e1180000)
  to   space 15872K, 0% used [0x00000000e4580000,0x00000000e4580000,0x00000000e5500000)
 ParOldGen       total 89088K, used 15411K [0x0000000080000000, 0x0000000085700000, 0x00000000d5580000)
  object space 89088K, 17% used [0x0000000080000000,0x0000000080f0cf60,0x0000000085700000)
 Metaspace       used 56275K, capacity 58846K, committed 59028K, reserved 1099776K
  class space    used 7354K, capacity 7830K, committed 7936K, reserved 1048576K
Event: 11.942 GC heap after
Heap after GC invocations=12 (full 2):
 PSYoungGen      total 240128K, used 15852K [0x00000000d5580000, 0x00000000e5e80000, 0x0000000100000000)
  eden space 224256K, 0% used [0x00000000d5580000,0x00000000d5580000,0x00000000e3080000)
  from space 15872K, 99% used [0x00000000e4580000,0x00000000e54fb3f0,0x00000000e5500000)
  to   space 21504K, 0% used [0x00000000e3080000,0x00000000e3080000,0x00000000e4580000)
 ParOldGen       total 89088K, used 25613K [0x0000000080000000, 0x0000000085700000, 0x00000000d5580000)
  object space 89088K, 28% used [0x0000000080000000,0x0000000081903710,0x0000000085700000)
 Metaspace       used 56275K, capacity 58846K, committed 59028K, reserved 1099776K
  class space    used 7354K, capacity 7830K, committed 7936K, reserved 1048576K
}
Event: 11.942 GC heap before
{Heap before GC invocations=13 (full 3):
 PSYoungGen      total 240128K, used 15852K [0x00000000d5580000, 0x00000000e5e80000, 0x0000000100000000)
  eden space 224256K, 0% used [0x00000000d5580000,0x00000000d5580000,0x00000000e3080000)
  from space 15872K, 99% used [0x00000000e4580000,0x00000000e54fb3f0,0x00000000e5500000)
  to   space 21504K, 0% used [0x00000000e3080000,0x00000000e3080000,0x00000000e4580000)
 ParOldGen       total 89088K, used 25613K [0x0000000080000000, 0x0000000085700000, 0x00000000d5580000)
  object space 89088K, 28% used [0x0000000080000000,0x0000000081903710,0x0000000085700000)
 Metaspace       used 56275K, capacity 58846K, committed 59028K, reserved 1099776K
  class space    used 7354K, capacity 7830K, committed 7936K, reserved 1048576K
Event: 12.070 GC heap after
Heap after GC invocations=13 (full 3):
 PSYoungGen      total 240128K, used 0K [0x00000000d5580000, 0x00000000e5e80000, 0x0000000100000000)
  eden space 224256K, 0% used [0x00000000d5580000,0x00000000d5580000,0x00000000e3080000)
  from space 15872K, 0% used [0x00000000e4580000,0x00000000e4580000,0x00000000e5500000)
  to   space 21504K, 0% used [0x00000000e3080000,0x00000000e3080000,0x00000000e4580000)
 ParOldGen       total 140800K, used 37531K [0x0000000080000000, 0x0000000088980000, 0x00000000d5580000)
  object space 140800K, 26% used [0x0000000080000000,0x00000000824a6c38,0x0000000088980000)
 Metaspace       used 56089K, capacity 58288K, committed 59028K, reserved 1099776K
  class space    used 7300K, capacity 7747K, committed 7936K, reserved 1048576K
}

