# JRE version: OpenJDK Runtime Environment (8.0_242-b01) (build 1.8.0_242-release-1644-b01)
# Java VM: OpenJDK 64-Bit Server VM (25.242-b01 mixed mode windows-amd64 compressed oops)
Heap:
 PSYoungGen      total 185856K, used 145458K [0x00000000d5580000, 0x00000000e2f00000, 0x0000000100000000)
  eden space 161280K, 74% used [0x00000000d5580000,0x00000000dcb93538,0x00000000df300000)
  from space 24576K, 99% used [0x00000000df800000,0x00000000e0ff9420,0x00000000e1000000)
  to   space 30720K, 0% used [0x00000000e1100000,0x00000000e1100000,0x00000000e2f00000)
 ParOldGen       total 125440K, used 48015K [0x0000000080000000, 0x0000000087a80000, 0x00000000d5580000)
  object space 125440K, 38% used [0x0000000080000000,0x0000000082ee3f48,0x0000000087a80000)
 Metaspace       used 89121K, capacity 93894K, committed 94168K, reserved 1130496K
  class space    used 11815K, capacity 12774K, committed 12800K, reserved 1048576K
GC Heap History (10 events):
Event: 6.206 GC heap before
{Heap before GC invocations=14 (full 2):
 PSYoungGen      total 148480K, used 79403K [0x00000000d5580000, 0x00000000e2100000, 0x0000000100000000)
  eden space 136192K, 49% used [0x00000000d5580000,0x00000000d970ba00,0x00000000dda80000)
  from space 12288K, 99% used [0x00000000dda80000,0x00000000de67f320,0x00000000de680000)
  to   space 17408K, 0% used [0x00000000e1000000,0x00000000e1000000,0x00000000e2100000)
 ParOldGen       total 83968K, used 28084K [0x0000000080000000, 0x0000000085200000, 0x00000000d5580000)
  object space 83968K, 33% used [0x0000000080000000,0x0000000081b6d140,0x0000000085200000)
 Metaspace       used 56336K, capacity 58966K, committed 59028K, reserved 1099776K
  class space    used 7658K, capacity 8176K, committed 8192K, reserved 1048576K
Event: 6.219 GC heap after
Heap after GC invocations=14 (full 2):
 PSYoungGen      total 189440K, used 14760K [0x00000000d5580000, 0x00000000e2580000, 0x0000000100000000)
  eden space 172032K, 0% used [0x00000000d5580000,0x00000000d5580000,0x00000000dfd80000)
  from space 17408K, 84% used [0x00000000e1000000,0x00000000e1e6a368,0x00000000e2100000)
  to   space 18944K, 0% used [0x00000000dfd80000,0x00000000dfd80000,0x00000000e1000000)
 ParOldGen       total 83968K, used 33234K [0x0000000080000000, 0x0000000085200000, 0x00000000d5580000)
  object space 83968K, 39% used [0x0000000080000000,0x0000000082074880,0x0000000085200000)
 Metaspace       used 56336K, capacity 58966K, committed 59028K, reserved 1099776K
  class space    used 7658K, capacity 8176K, committed 8192K, reserved 1048576K
}
Event: 6.219 GC heap before
{Heap before GC invocations=15 (full 3):
 PSYoungGen      total 189440K, used 14760K [0x00000000d5580000, 0x00000000e2580000, 0x0000000100000000)
  eden space 172032K, 0% used [0x00000000d5580000,0x00000000d5580000,0x00000000dfd80000)
  from space 17408K, 84% used [0x00000000e1000000,0x00000000e1e6a368,0x00000000e2100000)
  to   space 18944K, 0% used [0x00000000dfd80000,0x00000000dfd80000,0x00000000e1000000)
 ParOldGen       total 83968K, used 33234K [0x0000000080000000, 0x0000000085200000, 0x00000000d5580000)
  object space 83968K, 39% used [0x0000000080000000,0x0000000082074880,0x0000000085200000)
 Metaspace       used 56336K, capacity 58966K, committed 59028K, reserved 1099776K
  class space    used 7658K, capacity 8176K, committed 8192K, reserved 1048576K
Event: 6.327 GC heap after
Heap after GC invocations=15 (full 3):
 PSYoungGen      total 189440K, used 0K [0x00000000d5580000, 0x00000000e2580000, 0x0000000100000000)
  eden space 172032K, 0% used [0x00000000d5580000,0x00000000d5580000,0x00000000dfd80000)
  from space 17408K, 0% used [0x00000000e1000000,0x00000000e1000000,0x00000000e2100000)
  to   space 18944K, 0% used [0x00000000dfd80000,0x00000000dfd80000,0x00000000e1000000)
 ParOldGen       total 125440K, used 33259K [0x0000000080000000, 0x0000000087a80000, 0x00000000d5580000)
  object space 125440K, 26% used [0x0000000080000000,0x000000008207aee8,0x0000000087a80000)
 Metaspace       used 56245K, capacity 58660K, committed 59028K, reserved 1099776K
  class space    used 7631K, capacity 8125K, committed 8192K, reserved 1048576K
}
Event: 8.353 GC heap before
{Heap before GC invocations=16 (full 3):
 PSYoungGen      total 189440K, used 172032K [0x00000000d5580000, 0x00000000e2580000, 0x0000000100000000)
  eden space 172032K, 100% used [0x00000000d5580000,0x00000000dfd80000,0x00000000dfd80000)
  from space 17408K, 0% used [0x00000000e1000000,0x00000000e1000000,0x00000000e2100000)
  to   space 18944K, 0% used [0x00000000dfd80000,0x00000000dfd80000,0x00000000e1000000)
 ParOldGen       total 125440K, used 33259K [0x0000000080000000, 0x0000000087a80000, 0x00000000d5580000)
  object space 125440K, 26% used [0x0000000080000000,0x000000008207aee8,0x0000000087a80000)
 Metaspace       used 65227K, capacity 68248K, committed 68440K, reserved 1107968K
  class space    used 8983K, capacity 9577K, committed 9600K, reserved 1048576K
Event: 8.366 GC heap after
Heap after GC invocations=16 (full 3):
 PSYoungGen      total 190976K, used 14317K [0x00000000d5580000, 0x00000000e2580000, 0x0000000100000000)
  eden space 172032K, 0% used [0x00000000d5580000,0x00000000d5580000,0x00000000dfd80000)
  from space 18944K, 75% used [0x00000000dfd80000,0x00000000e0b7b4d8,0x00000000e1000000)
  to   space 17408K, 0% used [0x00000000e1000000,0x00000000e1000000,0x00000000e2100000)
 ParOldGen       total 125440K, used 33267K [0x0000000080000000, 0x0000000087a80000, 0x00000000d5580000)
  object space 125440K, 26% used [0x0000000080000000,0x000000008207cee8,0x0000000087a80000)
 Metaspace       used 65227K, capacity 68248K, committed 68440K, reserved 1107968K
  class space    used 8983K, capacity 9577K, committed 9600K, reserved 1048576K
}
Event: 11.244 GC heap before
{Heap before GC invocations=17 (full 3):
 PSYoungGen      total 190976K, used 186349K [0x00000000d5580000, 0x00000000e2580000, 0x0000000100000000)
  eden space 172032K, 100% used [0x00000000d5580000,0x00000000dfd80000,0x00000000dfd80000)
  from space 18944K, 75% used [0x00000000dfd80000,0x00000000e0b7b4d8,0x00000000e1000000)
  to   space 17408K, 0% used [0x00000000e1000000,0x00000000e1000000,0x00000000e2100000)
 ParOldGen       total 125440K, used 33267K [0x0000000080000000, 0x0000000087a80000, 0x00000000d5580000)
  object space 125440K, 26% used [0x0000000080000000,0x000000008207cee8,0x0000000087a80000)
 Metaspace       used 76138K, capacity 80166K, committed 80472K, reserved 1118208K
  class space    used 10507K, capacity 11314K, committed 11392K, reserved 1048576K
Event: 11.262 GC heap after
Heap after GC invocations=17 (full 3):
 PSYoungGen      total 183808K, used 17385K [0x00000000d5580000, 0x00000000e4d80000, 0x0000000100000000)
  eden space 166400K, 0% used [0x00000000d5580000,0x00000000d5580000,0x00000000df800000)
  from space 17408K, 99% used [0x00000000e1000000,0x00000000e20fa6d8,0x00000000e2100000)
  to   space 24576K, 0% used [0x00000000df800000,0x00000000df800000,0x00000000e1000000)
 ParOldGen       total 125440K, used 41298K [0x0000000080000000, 0x0000000087a80000, 0x00000000d5580000)
  object space 125440K, 32% used [0x0000000080000000,0x0000000082854a88,0x0000000087a80000)
 Metaspace       used 76138K, capacity 80166K, committed 80472K, reserved 1118208K
  class space    used 10507K, capacity 11314K, committed 11392K, reserved 1048576K
}
Event: 288.665 GC heap before
{Heap before GC invocations=18 (full 3):
 PSYoungGen      total 183808K, used 183785K [0x00000000d5580000, 0x00000000e4d80000, 0x0000000100000000)
  eden space 166400K, 100% used [0x00000000d5580000,0x00000000df800000,0x00000000df800000)
  from space 17408K, 99% used [0x00000000e1000000,0x00000000e20fa6d8,0x00000000e2100000)
  to   space 24576K, 0% used [0x00000000df800000,0x00000000df800000,0x00000000e1000000)
 ParOldGen       total 125440K, used 41298K [0x0000000080000000, 0x0000000087a80000, 0x00000000d5580000)
  object space 125440K, 32% used [0x0000000080000000,0x0000000082854a88,0x0000000087a80000)
 Metaspace       used 86380K, capacity 90944K, committed 91096K, reserved 1128448K
  class space    used 11524K, capacity 12445K, committed 12544K, reserved 1048576K
Event: 288.748 GC heap after
Heap after GC invocations=18 (full 3):
 PSYoungGen      total 185856K, used 24549K [0x00000000d5580000, 0x00000000e2f00000, 0x0000000100000000)
  eden space 161280K, 0% used [0x00000000d5580000,0x00000000d5580000,0x00000000df300000)
  from space 24576K, 99% used [0x00000000df800000,0x00000000e0ff9420,0x00000000e1000000)
  to   space 30720K, 0% used [0x00000000e1100000,0x00000000e1100000,0x00000000e2f00000)
 ParOldGen       total 125440K, used 48015K [0x0000000080000000, 0x0000000087a80000, 0x00000000d5580000)
  object space 125440K, 38% used [0x0000000080000000,0x0000000082ee3f48,0x0000000087a80000)
 Metaspace       used 86380K, capacity 90944K, committed 91096K, reserved 1128448K
  class space    used 11524K, capacity 12445K, committed 12544K, reserved 1048576K
}

