# JRE version: OpenJDK Runtime Environment (8.0_242-b01) (build 1.8.0_242-release-1644-b01)
# Java VM: OpenJDK 64-Bit Server VM (25.242-b01 mixed mode windows-amd64 compressed oops)
Heap:
 PSYoungGen      total 262144K, used 19873K [0x00000000d5580000, 0x00000000e7300000, 0x0000000100000000)
  eden space 245248K, 8% used [0x00000000d5580000,0x00000000d68e87b8,0x00000000e4500000)
  from space 16896K, 0% used [0x00000000e5a80000,0x00000000e5a80000,0x00000000e6b00000)
  to   space 22016K, 0% used [0x00000000e4500000,0x00000000e4500000,0x00000000e5a80000)
 ParOldGen       total 133632K, used 36673K [0x0000000080000000, 0x0000000088280000, 0x00000000d5580000)
  object space 133632K, 27% used [0x0000000080000000,0x00000000823d0540,0x0000000088280000)
 Metaspace       used 56994K, capacity 59412K, committed 59864K, reserved 1101824K
  class space    used 7778K, capacity 8303K, committed 8448K, reserved 1048576K
GC Heap History (10 events):
Event: 3.949 GC heap before
{Heap before GC invocations=9 (full 1):
 PSYoungGen      total 134144K, used 54969K [0x00000000d5580000, 0x00000000e2d80000, 0x0000000100000000)
  eden space 122880K, 35% used [0x00000000d5580000,0x00000000d8034d18,0x00000000dcd80000)
  from space 11264K, 99% used [0x00000000dcd80000,0x00000000dd879848,0x00000000dd880000)
  to   space 13824K, 0% used [0x00000000e2000000,0x00000000e2000000,0x00000000e2d80000)
 ParOldGen       total 56832K, used 9469K [0x0000000080000000, 0x0000000083780000, 0x00000000d5580000)
  object space 56832K, 16% used [0x0000000080000000,0x000000008093f790,0x0000000083780000)
 Metaspace       used 33961K, capacity 35238K, committed 35416K, reserved 1079296K
  class space    used 4567K, capacity 4876K, committed 4992K, reserved 1048576K
Event: 3.956 GC heap after
Heap after GC invocations=9 (full 1):
 PSYoungGen      total 206336K, used 8513K [0x00000000d5580000, 0x00000000e2d00000, 0x0000000100000000)
  eden space 193024K, 0% used [0x00000000d5580000,0x00000000d5580000,0x00000000e1200000)
  from space 13312K, 63% used [0x00000000e2000000,0x00000000e28505b0,0x00000000e2d00000)
  to   space 13824K, 0% used [0x00000000e1200000,0x00000000e1200000,0x00000000e1f80000)
 ParOldGen       total 56832K, used 9477K [0x0000000080000000, 0x0000000083780000, 0x00000000d5580000)
  object space 56832K, 16% used [0x0000000080000000,0x0000000080941790,0x0000000083780000)
 Metaspace       used 33961K, capacity 35238K, committed 35416K, reserved 1079296K
  class space    used 4567K, capacity 4876K, committed 4992K, reserved 1048576K
}
Event: 3.956 GC heap before
{Heap before GC invocations=10 (full 2):
 PSYoungGen      total 206336K, used 8513K [0x00000000d5580000, 0x00000000e2d00000, 0x0000000100000000)
  eden space 193024K, 0% used [0x00000000d5580000,0x00000000d5580000,0x00000000e1200000)
  from space 13312K, 63% used [0x00000000e2000000,0x00000000e28505b0,0x00000000e2d00000)
  to   space 13824K, 0% used [0x00000000e1200000,0x00000000e1200000,0x00000000e1f80000)
 ParOldGen       total 56832K, used 9477K [0x0000000080000000, 0x0000000083780000, 0x00000000d5580000)
  object space 56832K, 16% used [0x0000000080000000,0x0000000080941790,0x0000000083780000)
 Metaspace       used 33961K, capacity 35238K, committed 35416K, reserved 1079296K
  class space    used 4567K, capacity 4876K, committed 4992K, reserved 1048576K
Event: 3.984 GC heap after
Heap after GC invocations=10 (full 2):
 PSYoungGen      total 206336K, used 0K [0x00000000d5580000, 0x00000000e2d00000, 0x0000000100000000)
  eden space 193024K, 0% used [0x00000000d5580000,0x00000000d5580000,0x00000000e1200000)
  from space 13312K, 0% used [0x00000000e2000000,0x00000000e2000000,0x00000000e2d00000)
  to   space 13824K, 0% used [0x00000000e1200000,0x00000000e1200000,0x00000000e1f80000)
 ParOldGen       total 83968K, used 14761K [0x0000000080000000, 0x0000000085200000, 0x00000000d5580000)
  object space 83968K, 17% used [0x0000000080000000,0x0000000080e6a518,0x0000000085200000)
 Metaspace       used 33961K, capacity 35238K, committed 35416K, reserved 1079296K
  class space    used 4567K, capacity 4876K, committed 4992K, reserved 1048576K
}
Event: 5.698 GC heap before
{Heap before GC invocations=11 (full 2):
 PSYoungGen      total 206336K, used 193024K [0x00000000d5580000, 0x00000000e2d00000, 0x0000000100000000)
  eden space 193024K, 100% used [0x00000000d5580000,0x00000000e1200000,0x00000000e1200000)
  from space 13312K, 0% used [0x00000000e2000000,0x00000000e2000000,0x00000000e2d00000)
  to   space 13824K, 0% used [0x00000000e1200000,0x00000000e1200000,0x00000000e1f80000)
 ParOldGen       total 83968K, used 14761K [0x0000000080000000, 0x0000000085200000, 0x00000000d5580000)
  object space 83968K, 17% used [0x0000000080000000,0x0000000080e6a518,0x0000000085200000)
 Metaspace       used 45521K, capacity 47694K, committed 48088K, reserved 1091584K
  class space    used 6148K, capacity 6575K, committed 6656K, reserved 1048576K
Event: 5.709 GC heap after
Heap after GC invocations=11 (full 2):
 PSYoungGen      total 206848K, used 13821K [0x00000000d5580000, 0x00000000e6b00000, 0x0000000100000000)
  eden space 193024K, 0% used [0x00000000d5580000,0x00000000d5580000,0x00000000e1200000)
  from space 13824K, 99% used [0x00000000e1200000,0x00000000e1f7f480,0x00000000e1f80000)
  to   space 16896K, 0% used [0x00000000e5a80000,0x00000000e5a80000,0x00000000e6b00000)
 ParOldGen       total 83968K, used 17850K [0x0000000080000000, 0x0000000085200000, 0x00000000d5580000)
  object space 83968K, 21% used [0x0000000080000000,0x000000008116e838,0x0000000085200000)
 Metaspace       used 45521K, capacity 47694K, committed 48088K, reserved 1091584K
  class space    used 6148K, capacity 6575K, committed 6656K, reserved 1048576K
}
Event: 7.207 GC heap before
{Heap before GC invocations=12 (full 2):
 PSYoungGen      total 206848K, used 149608K [0x00000000d5580000, 0x00000000e6b00000, 0x0000000100000000)
  eden space 193024K, 70% used [0x00000000d5580000,0x00000000dda1ac10,0x00000000e1200000)
  from space 13824K, 99% used [0x00000000e1200000,0x00000000e1f7f480,0x00000000e1f80000)
  to   space 16896K, 0% used [0x00000000e5a80000,0x00000000e5a80000,0x00000000e6b00000)
 ParOldGen       total 83968K, used 17850K [0x0000000080000000, 0x0000000085200000, 0x00000000d5580000)
  object space 83968K, 21% used [0x0000000080000000,0x000000008116e838,0x0000000085200000)
 Metaspace       used 56419K, capacity 58982K, committed 59028K, reserved 1099776K
  class space    used 7669K, capacity 8168K, committed 8192K, reserved 1048576K
Event: 7.221 GC heap after
Heap after GC invocations=12 (full 2):
 PSYoungGen      total 262144K, used 16876K [0x00000000d5580000, 0x00000000e7300000, 0x0000000100000000)
  eden space 245248K, 0% used [0x00000000d5580000,0x00000000d5580000,0x00000000e4500000)
  from space 16896K, 99% used [0x00000000e5a80000,0x00000000e6afb310,0x00000000e6b00000)
  to   space 22016K, 0% used [0x00000000e4500000,0x00000000e4500000,0x00000000e5a80000)
 ParOldGen       total 83968K, used 25244K [0x0000000080000000, 0x0000000085200000, 0x00000000d5580000)
  object space 83968K, 30% used [0x0000000080000000,0x00000000818a7218,0x0000000085200000)
 Metaspace       used 56419K, capacity 58982K, committed 59028K, reserved 1099776K
  class space    used 7669K, capacity 8168K, committed 8192K, reserved 1048576K
}
Event: 7.221 GC heap before
{Heap before GC invocations=13 (full 3):
 PSYoungGen      total 262144K, used 16876K [0x00000000d5580000, 0x00000000e7300000, 0x0000000100000000)
  eden space 245248K, 0% used [0x00000000d5580000,0x00000000d5580000,0x00000000e4500000)
  from space 16896K, 99% used [0x00000000e5a80000,0x00000000e6afb310,0x00000000e6b00000)
  to   space 22016K, 0% used [0x00000000e4500000,0x00000000e4500000,0x00000000e5a80000)
 ParOldGen       total 83968K, used 25244K [0x0000000080000000, 0x0000000085200000, 0x00000000d5580000)
  object space 83968K, 30% used [0x0000000080000000,0x00000000818a7218,0x0000000085200000)
 Metaspace       used 56419K, capacity 58982K, committed 59028K, reserved 1099776K
  class space    used 7669K, capacity 8168K, committed 8192K, reserved 1048576K
Event: 7.354 GC heap after
Heap after GC invocations=13 (full 3):
 PSYoungGen      total 262144K, used 0K [0x00000000d5580000, 0x00000000e7300000, 0x0000000100000000)
  eden space 245248K, 0% used [0x00000000d5580000,0x00000000d5580000,0x00000000e4500000)
  from space 16896K, 0% used [0x00000000e5a80000,0x00000000e5a80000,0x00000000e6b00000)
  to   space 22016K, 0% used [0x00000000e4500000,0x00000000e4500000,0x00000000e5a80000)
 ParOldGen       total 133632K, used 36673K [0x0000000080000000, 0x0000000088280000, 0x00000000d5580000)
  object space 133632K, 27% used [0x0000000080000000,0x00000000823d0540,0x0000000088280000)
 Metaspace       used 56346K, capacity 58730K, committed 59028K, reserved 1099776K
  class space    used 7646K, capacity 8126K, committed 8192K, reserved 1048576K
}

